                  Start           End        D                                     I           Address        BE|ST   Len     Prefix (P) / PBR TLP Header (B)                                      |          IDE           |
  Reporter        Time            Time       I TLP Type R_ID/Tag|ST    Seq TC T  P D R N    Reg#/MsgRt/Cpl      BC    Idx          Header (H) / Data (D)          E    ECRC/      LCRC      TX/RX  |Pr   Str Sub T P M K T A|
                  (ns)            (ns)       R      DLLP Type          Num VC H  H O O S    HdrFC   DataFC    MCode   DW            (All values in Hex)           P    PCRC       CRC       Status |sent eam str Y          |
                                                                                         IDE pr_snt npr/ cpl    LA                                                                                 |cntr  ID eam P          |
                                                                                           IDE MSG str_id                                                                                                        E           
------------ --------------- --------------- - ---------------------- ---- -- - -- - - - ------------------- ------- ---- ------------ -------- -------- -------- - ---------- ---------- --------  ---- --- --- - - - - - - 
spd_0        221105.00000000 221133.00000000 T INITFC1_P_VC0                                 102     1024                                                                         0xce18                                    
spd_0        221289.00000000 221317.00000000 T INITFC1_NP_VC0                                101     1040                                                                         0x10d6                                    
spd_0        221317.00000000 221345.00000000 R INITFC1_P_VC0                                  24       64                                                                          0x1d3                                    
spd_0        221349.00000000 221377.00000000 R INITFC1_NP_VC0                                 24        6                                                                         0x2885                                    
spd_0        221381.00000000 221409.00000000 R INITFC1_CPL_VC0                                 0        0                                                                         0xd892                                    
spd_0        221465.00000000 221493.00000000 T INITFC1_CPL_VC0                               100     1056                                                                         0xc23e                                    
spd_0        221413.00000000 221441.00000000 R INITFC1_P_VC0                                  24       64                                                                          0x1d3                                    
spd_0        221513.00000000 221541.00000000 T INITFC2_P_VC0                                 102     1024                                                                         0xb467                                    
spd_0        221445.00000000 221473.00000000 R INITFC1_NP_VC0                                 24        6                                                                         0x2885                                    
spd_0        221477.00000000 221505.00000000 R INITFC1_CPL_VC0                                 0        0                                                                         0xd892                                    
spd_0        221509.00000000 221537.00000000 R INITFC1_P_VC0                                  24       64                                                                          0x1d3                                    
spd_0        221541.00000000 221569.00000000 R INITFC1_NP_VC0                                 24        6                                                                         0x2885                                    
spd_0        221573.00000000 221601.00000000 R INITFC1_CPL_VC0                                 0        0                                                                         0xd892                                    
spd_0        221605.00000000 221633.00000000 R INITFC1_P_VC0                                  24       64                                                                          0x1d3                                    
spd_0        221689.00000000 221717.00000000 T INITFC2_NP_VC0                                101     1040                                                                         0x6aa9                                    
spd_0        221637.00000000 221665.00000000 R INITFC1_NP_VC0                                 24        6                                                                         0x2885                                    
spd_0        221721.00000000 221749.00000000 T INITFC2_CPL_VC0                               100     1056                                                                         0xb841                                    
spd_0        221669.00000000 221697.00000000 R INITFC1_CPL_VC0                                 0        0                                                                         0xd892                                    
spd_0        221777.00000000 221805.00000000 T INITFC2_P_VC0                                 102     1024                                                                         0xb467                                    
spd_0        221701.00000000 221729.00000000 R INITFC1_P_VC0                                  24       64                                                                          0x1d3                                    
spd_0        221733.00000000 221761.00000000 R INITFC1_NP_VC0                                 24        6                                                                         0x2885                                    
spd_0        221765.00000000 221793.00000000 R INITFC1_CPL_VC0                                 0        0                                                                         0xd892                                    
spd_0        221861.00000000 221889.00000000 T INITFC2_NP_VC0                                101     1040                                                                         0x6aa9                                    
spd_0        221797.00000000 221825.00000000 R INITFC1_P_VC0                                  24       64                                                                          0x1d3                                    
spd_0        221905.00000000 221933.00000000 T INITFC2_CPL_VC0                               100     1056                                                                         0xb841                                    
spd_0        221829.00000000 221857.00000000 R INITFC1_NP_VC0                                 24        6                                                                         0x2885                                    
spd_0        221861.00000000 221889.00000000 R INITFC1_CPL_VC0                                 0        0                                                                         0xd892                                    
spd_0        221893.00000000 221921.00000000 R INITFC2_P_VC0                                  24       64                                                                         0x7bac                                    
spd_0        221925.00000000 221953.00000000 R INITFC2_NP_VC0                                 24        6                                                                         0x52fa                                    
spd_0        221957.00000000 221985.00000000 R INITFC2_CPL_VC0                                 0        0                                                                         0xa2ed                                    
spd_0        221997.00000000 222073.00000000 T CfgRd0     0x0001/018    0  0 0    0 0 0  BDF:0x0000 R:0x000   0 f      1 (H) 04000001 0001180f 00000000   ----                0x684a640e                                    
spd_0        222541.00000000 222633.00000000 R CplD       0x0001/018    0  0 0    0 0 0  ID:0x0000 Stat:SC  BC:0004    1 (H) 4a000001 00000004 00011800   ----   0            0x19cd5d37                                    
                                                                                                                        0 (D) c316cdab
spd_0        222753.00000000 222781.00000000 T ACK                      0                                                                                                         0xb362                                    
spd_0        222829.00000000 222905.00000000 T CfgRd0     0x0001/004    1  0 0    0 0 0  BDF:0x0000 R:0x003   0 f      1 (H) 04000001 0001040f 0000000c   ----                0x261d50ae                                    
spd_0        222805.00000000 222833.00000000 R ACK                      0                                                                                                         0xb362                                    
spd_0        223049.00000000 223077.00000000 T UPDATEFC_CPL_VC0                              101     1057                                                                         0x480b                                    
spd_0        223357.00000000 223385.00000000 R UPDATEFC_NP_VC0                                26        6                                                                         0x3718                                    
spd_0        223389.00000000 223481.00000000 R CplD       0x0001/004    1  0 0    0 0 0  ID:0x0000 Stat:SC  BC:0004    1 (H) 4a000001 00000004 00010400   ----   0            0xf389ec87                                    
                                                                                                                        0 (D) 00000000
spd_0        223661.00000000 223737.00000000 T CfgRd0     0x0001/017    2  0 0    0 0 0  BDF:0x0000 R:0x00d   0 f      1 (H) 04000001 0001170f 00000034   ----                0x43b9dabe                                    
spd_0        223765.00000000 223793.00000000 R ACK                      1                                                                                                         0x1279                                    
spd_0        224025.00000000 224053.00000000 T UPDATEFC_CPL_VC0                              102     1058                                                                         0x9f94                                    
spd_0        224205.00000000 224297.00000000 R CplD       0x0001/017    2  0 0    0 0 0  ID:0x0000 Stat:SC  BC:0004    1 (H) 4a000001 00000004 00011700   ----   0            0x7ffa20ca                                    
                                                                                                                        0 (D) 40000000
spd_0        224489.00000000 224517.00000000 T UPDATEFC_CPL_VC0                              103     1059                                                                         0xd2e1                                    
spd_0        224521.00000000 224597.00000000 T CfgRd0     0x0001/015    3  0 0    0 0 0  BDF:0x0000 R:0x010   0 f      1 (H) 04000001 0001150f 00000040   ----                0xe874ec79                                    
spd_0        224725.00000000 224753.00000000 R ACK                      2                                                                                                         0xf155                                    
spd_0        224829.00000000 224857.00000000 T ACK                      2                                                                                                         0xf155                                    
spd_0        225021.00000000 225049.00000000 R UPDATEFC_NP_VC0                                28        6                                                                         0x1b3b                                    
spd_0        225061.00000000 225153.00000000 R CplD       0x0001/015    3  0 0    0 0 0  ID:0x0000 Stat:SC  BC:0004    1 (H) 4a000001 00000004 00011500   ----   0            0xa6397875                                    
                                                                                                                        0 (D) 0170c3c9
spd_0        225325.00000000 225401.00000000 T CfgRd0     0x0001/00c    4  0 0    0 0 0  BDF:0x0000 R:0x01c   0 f      1 (H) 04000001 00010c0f 00000070   ----                0x4f119f06                                    
spd_0        225685.00000000 225713.00000000 R ACK                      3                                                                                                         0x504e                                    
spd_0        225949.00000000 225977.00000000 T UPDATEFC_CPL_VC0                              104     1060                                                                         0x8cb3                                    
spd_0        225981.00000000 226009.00000000 T ACK                      3                                                                                                         0x504e                                    
spd_0        225869.00000000 225961.00000000 R CplD       0x0001/00c    4  0 0    0 0 0  ID:0x0000 Stat:SC  BC:0004    1 (H) 4a000001 00000004 00010c00   ----   0             0xfd23efd                                    
                                                                                                                        0 (D) 10000200
spd_0        226157.00000000 226233.00000000 T CfgRd0     0x0001/005    5  0 0    0 0 0  BDF:0x0000 R:0x01c   0 f      1 (H) 04000001 0001050f 00000070   ----                 0x29906fc                                    
spd_0        226505.00000000 226533.00000000 T UPDATEFC_CPL_VC0                              105     1061                                                                         0xc1c6                                    
spd_0        226645.00000000 226673.00000000 R ACK                      5                                                                                                         0x9617                                    
spd_0        226745.00000000 226773.00000000 T ACK                      4                                                                                                         0x370c                                    
spd_0        226685.00000000 226713.00000000 R UPDATEFC_NP_VC0                                30        6                                                                         0xc3e6                                    
spd_0        226717.00000000 226809.00000000 R CplD       0x0001/005    5  0 0    0 0 0  ID:0x0000 Stat:SC  BC:0004    1 (H) 4a000001 00000004 00010500   ----   0            0x8448975d                                    
                                                                                                                        0 (D) 10000200
spd_0        226989.00000000 227065.00000000 T CfgRd0     0x0001/011    6  0 0    0 0 0  BDF:0x0000 R:0x004   0 f      1 (H) 04000001 0001110f 00000010   ----                0x19d43994                                    
spd_0        227237.00000000 227265.00000000 T UPDATEFC_CPL_VC0                              106     1062                                                                         0x1659                                    
spd_0        227545.00000000 227573.00000000 T ACK                      5                                                                                                         0x9617                                    
spd_0        227533.00000000 227625.00000000 R CplD       0x0001/011    6  0 0    0 0 0  ID:0x0000 Stat:SC  BC:0004    1 (H) 4a000001 00000004 00011100   ----   0            0x906665f4                                    
                                                                                                                        0 (D) 00000000
spd_0        227805.00000000 227833.00000000 T ACK                      6                                                                                                         0x753b                                    
spd_0        227797.00000000 227825.00000000 R ACK                      6                                                                                                         0x753b                                    
spd_0        227837.00000000 227929.00000000 T CfgWr0     0x0001/011    7  0 0    0 0 0  BDF:0x0000 R:0x004   0 f      1 (H) 44000001 0001110f 00000010   ----   0            0x589d5008                                    
                                                                                                                        0 (D) ffffffff
spd_0        228193.00000000 228221.00000000 T UPDATEFC_CPL_VC0                              107     1063                                                                         0x5b2c                                    
spd_0        228349.00000000 228377.00000000 R UPDATEFC_NP_VC0                                32        7                                                                         0xb0ef                                    
spd_0        228397.00000000 228473.00000000 R Cpl        0x0001/011    7  0 0    0 0 0  ID:0x0000 Stat:SC  BC:0004    0 (H) 0a000000 00000004 00011100   ----                0x197864e1                                    
spd_0        228653.00000000 228729.00000000 T CfgRd0     0x0001/00c    8  0 0    0 0 0  BDF:0x0000 R:0x004   0 f      1 (H) 04000001 00010c0f 00000010   ----                0xecc997d1                                    
spd_0        228829.00000000 228857.00000000 T UPDATEFC_CPL_VC0                              108     1063                                                                         0x9b61                                    
spd_0        228757.00000000 228785.00000000 R ACK                      7                                                                                                         0xd420                                    
spd_0        229197.00000000 229289.00000000 R CplD       0x0001/00c    8  0 0    0 0 0  ID:0x0000 Stat:SC  BC:0004    1 (H) 4a000001 00000004 00010c00   ----   0            0xbc9d2fb4                                    
                                                                                                                        0 (D) 0000ffff
spd_0        229377.00000000 229405.00000000 T ACK                      8                                                                                                         0xbbbf                                    
spd_0        229485.00000000 229577.00000000 T CfgWr0     0x0001/01e    9  0 0    0 0 0  BDF:0x0000 R:0x004   0 f      1 (H) 44000001 00011e0f 00000010   ----   0            0xa01ec466                                    
                                                                                                                        0 (D) 00000000
spd_0        229717.00000000 229745.00000000 R ACK                      8                                                                                                         0xbbbf                                    
spd_0        229925.00000000 229953.00000000 T UPDATEFC_CPL_VC0                              109     1064                                                                         0x1890                                    
spd_0        230013.00000000 230041.00000000 R UPDATEFC_NP_VC0                                34        8                                                                          0x7ad                                    
spd_0        230045.00000000 230121.00000000 R Cpl        0x0001/01e    9  0 0    0 0 0  ID:0x0000 Stat:SC  BC:0004    0 (H) 0a000000 00000004 00011e00   ----                0x66681a9c                                    
spd_0        230317.00000000 230409.00000000 T CfgWr0     0x0001/00b   10  0 0    0 0 0  BDF:0x0000 R:0x004   0 f      1 (H) 44000001 00010b0f 00000010   ----   0            0x8d40a004                                    
                                                                                                                        0 (D) 00004000
spd_0        230637.00000000 230665.00000000 T UPDATEFC_CPL_VC0                              110     1064                                                                         0x2c23                                    
spd_0        230677.00000000 230705.00000000 R ACK                      9                                                                                                         0x1aa4                                    
spd_0        230877.00000000 230953.00000000 R Cpl        0x0001/00b   10  0 0    0 0 0  ID:0x0000 Stat:SC  BC:0004    0 (H) 0a000000 00000004 00010b00   ----                0xbce26516                                    
spd_0        231141.00000000 231169.00000000 T UPDATEFC_CPL_VC0                              111     1064                                                                         0xc04d                                    
spd_0        231177.00000000 231253.00000000 T CfgRd0     0x0001/00c   11  0 0    0 0 0  BDF:0x0000 R:0x004   0 f      1 (H) 04000001 00010c0f 00000010   ----                0x22a55d6c                                    
spd_0        231637.00000000 231665.00000000 R ACK                     11                                                                                                         0x5893                                    
spd_0        231757.00000000 231785.00000000 T ACK                     10                                                                                                         0xf988                                    
spd_0        231693.00000000 231721.00000000 R UPDATEFC_NP_VC0                                36        9                                                                         0x8a95                                    
spd_0        231725.00000000 231817.00000000 R CplD       0x0001/00c   11  0 0    0 0 0  ID:0x0000 Stat:SC  BC:0004    1 (H) 4a000001 00000004 00010c00   ----   0            0xc29beaa9                                    
                                                                                                                        0 (D) 00004000
spd_0        231981.00000000 232057.00000000 T CfgRd0     0x0001/01d   12  0 0    0 0 0  BDF:0x0000 R:0x005   0 f      1 (H) 04000001 00011d0f 00000014   ----                0x5db6c9de                                    
spd_0        232145.00000000 232173.00000000 T UPDATEFC_CPL_VC0                              112     1065                                                                         0xaafd                                    
spd_0        232525.00000000 232617.00000000 R CplD       0x0001/01d   12  0 0    0 0 0  ID:0x0000 Stat:SC  BC:0004    1 (H) 4a000001 00000004 00011d00   ----   0            0xb2798bb1                                    
                                                                                                                        0 (D) 00000000
spd_0        232789.00000000 232817.00000000 R ACK                     12                                                                                                         0x3fd1                                    
spd_0        232813.00000000 232905.00000000 T CfgWr0     0x0001/015   13  0 0    0 0 0  BDF:0x0000 R:0x005   0 f      1 (H) 44000001 0001150f 00000014   ----   0            0xbb4417c6                                    
                                                                                                                        0 (D) ffffffff
spd_0        233069.00000000 233097.00000000 T UPDATEFC_CPL_VC0                              113     1066                                                                         0xa5bf                                    
spd_0        233149.00000000 233177.00000000 T ACK                     12                                                                                                         0x3fd1                                    
spd_0        233341.00000000 233369.00000000 R UPDATEFC_NP_VC0                                38       10                                                                         0xb164                                    
spd_0        233373.00000000 233449.00000000 R Cpl        0x0001/015   13  0 0    0 0 0  ID:0x0000 Stat:SC  BC:0004    0 (H) 0a000000 00000004 00011500   ----                0x3bdb57bf                                    
spd_0        233645.00000000 233721.00000000 T CfgRd0     0x0001/000   14  0 0    0 0 0  BDF:0x0000 R:0x005   0 f      1 (H) 04000001 0001000f 00000014   ----                0x5312dd01                                    
spd_0        233725.00000000 233753.00000000 T UPDATEFC_CPL_VC0                              114     1066                                                                         0x910c                                    
spd_0        233749.00000000 233777.00000000 R ACK                     13                                                                                                         0x9eca                                    
spd_0        233845.00000000 233873.00000000 T ACK                     13                                                                                                         0x9eca                                    
spd_0        234189.00000000 234281.00000000 R CplD       0x0001/000   14  0 0    0 0 0  ID:0x0000 Stat:SC  BC:0004    1 (H) 4a000001 00000004 00010000   ----   0            0x30f8ffda                                    
                                                                                                                        0 (D) 00000000
spd_0        234477.00000000 234569.00000000 T CfgWr0     0x0001/00d   15  0 0    0 0 0  BDF:0x0000 R:0x005   0 f      1 (H) 44000001 00010d0f 00000014   ----   0            0x8335e9f8                                    
                                                                                                                        0 (D) 00000000
spd_0        234709.00000000 234737.00000000 R ACK                     14                                                                                                         0x7de6                                    
spd_0        234921.00000000 234949.00000000 T UPDATEFC_CPL_VC0                              115     1067                                                                         0xdc79                                    
spd_0        235005.00000000 235033.00000000 R UPDATEFC_NP_VC0                                40       11                                                                         0xc501                                    
spd_0        235037.00000000 235113.00000000 R Cpl        0x0001/00d   15  0 0    0 0 0  ID:0x0000 Stat:SC  BC:0004    0 (H) 0a000000 00000004 00010d00   ----                0x29f6105d                                    
spd_0        235189.00000000 235217.00000000 T ACK                     15                                                                                                         0xdcfd                                    
spd_0        235309.00000000 235385.00000000 T CfgRd0     0x0001/005   16  0 0    0 0 0  BDF:0x0000 R:0x006   0 f      1 (H) 04000001 0001050f 00000018   ----                0xa1654716                                    
spd_0        235393.00000000 235421.00000000 T UPDATEFC_CPL_VC0                              116     1067                                                                         0x1c34                                    
spd_0        235669.00000000 235697.00000000 R ACK                     15                                                                                                         0xdcfd                                    
spd_0        235853.00000000 235945.00000000 R CplD       0x0001/005   16  0 0    0 0 0  ID:0x0000 Stat:SC  BC:0004    1 (H) 4a000001 00000004 00010500   ----   0            0x680847dc                                    
                                                                                                                        0 (D) 00000000
spd_0        236129.00000000 236157.00000000 T ACK                     16                                                                                                         0xb278                                    
spd_0        236161.00000000 236253.00000000 T CfgWr0     0x0001/00c   17  0 0    0 0 0  BDF:0x0000 R:0x006   0 f      1 (H) 44000001 00010c0f 00000018   ----   0            0xb4f2155a                                    
                                                                                                                        0 (D) ffffffff
spd_0        236413.00000000 236441.00000000 T UPDATEFC_CPL_VC0                              117     1068                                                                         0x9718                                    
spd_0        236629.00000000 236657.00000000 R ACK                     17                                                                                                         0x1363                                    
spd_0        236669.00000000 236697.00000000 R UPDATEFC_NP_VC0                                42       12                                                                         0x7a9e                                    
spd_0        236717.00000000 236793.00000000 R Cpl        0x0001/00c   17  0 0    0 0 0  ID:0x0000 Stat:SC  BC:0004    0 (H) 0a000000 00000004 00010c00   ----                 0x26dea0a                                    
spd_0        236973.00000000 237049.00000000 T CfgRd0     0x0001/00a   18  0 0    0 0 0  BDF:0x0000 R:0x006   0 f      1 (H) 04000001 00010a0f 00000018   ----                0x3f624d87                                    
spd_0        237425.00000000 237453.00000000 T UPDATEFC_CPL_VC0                              118     1068                                                                         0xa3ab                                    
spd_0        237517.00000000 237609.00000000 R CplD       0x0001/00a   18  0 0    0 0 0  ID:0x0000 Stat:SC  BC:0004    1 (H) 4a000001 00000004 00010a00   ----   0            0x7a2a2df9                                    
                                                                                                                        0 (D) 00000000
spd_0        237789.00000000 237817.00000000 T ACK                     18                                                                                                         0xf04f                                    
spd_0        237781.00000000 237809.00000000 R ACK                     18                                                                                                         0xf04f                                    
spd_0        237821.00000000 237913.00000000 T CfgWr0     0x0001/013   19  0 0    0 0 0  BDF:0x0000 R:0x006   0 f      1 (H) 44000001 0001130f 00000018   ----   0            0xf5983786                                    
                                                                                                                        0 (D) 00000000
spd_0        238069.00000000 238097.00000000 T UPDATEFC_CPL_VC0                              119     1069                                                                         0xeede                                    
spd_0        238333.00000000 238361.00000000 R UPDATEFC_NP_VC0                                44       13                                                                         0xf7a6                                    
spd_0        238381.00000000 238457.00000000 R Cpl        0x0001/013   19  0 0    0 0 0  ID:0x0000 Stat:SC  BC:0004    0 (H) 0a000000 00000004 00011300   ----                0xd7d6eca7                                    
spd_0        238637.00000000 238713.00000000 T CfgRd0     0x0001/01b   20  0 0    0 0 0  BDF:0x0000 R:0x007   0 f      1 (H) 04000001 00011b0f 0000001c   ----                0xc5a84fe8                                    
spd_0        238741.00000000 238769.00000000 R ACK                     19                                                                                                         0x5154                                    
spd_0        238949.00000000 238977.00000000 T UPDATEFC_CPL_VC0                              120     1069                                                                         0xd7ce                                    
spd_0        239057.00000000 239085.00000000 T ACK                     19                                                                                                         0x5154                                    
spd_0        239181.00000000 239273.00000000 R CplD       0x0001/01b   20  0 0    0 0 0  ID:0x0000 Stat:SC  BC:0004    1 (H) 4a000001 00000004 00011b00   ----   0            0x4c4c9396                                    
                                                                                                                        0 (D) 00000000
spd_0        239469.00000000 239561.00000000 T CfgWr0     0x0001/018   21  0 0    0 0 0  BDF:0x0000 R:0x007   0 f      1 (H) 44000001 0001180f 0000001c   ----   0            0x2952d8f2                                    
                                                                                                                        0 (D) ffffffff
spd_0        239565.00000000 239593.00000000 T UPDATEFC_CPL_VC0                              121     1070                                                                         0xd88c                                    
spd_0        239625.00000000 239653.00000000 T ACK                     20                                                                                                         0x3616                                    
spd_0        239701.00000000 239729.00000000 R ACK                     20                                                                                                         0x3616                                    
spd_0        239997.00000000 240025.00000000 R UPDATEFC_NP_VC0                                46       14                                                                         0xcc57                                    
spd_0        240029.00000000 240105.00000000 R Cpl        0x0001/018   21  0 0    0 0 0  ID:0x0000 Stat:SC  BC:0004    0 (H) 0a000000 00000004 00011800   ----                0xc1d0fde4                                    
spd_0        240301.00000000 240377.00000000 T CfgRd0     0x0001/00b   22  0 0    0 0 0  BDF:0x0000 R:0x007   0 f      1 (H) 04000001 00010b0f 0000001c   ----                0x151fc58b                                    
spd_0        240661.00000000 240689.00000000 R ACK                     21                                                                                                         0x970d                                    
spd_0        240765.00000000 240793.00000000 T UPDATEFC_CPL_VC0                              122     1070                                                                         0xec3f                                    
spd_0        240845.00000000 240937.00000000 R CplD       0x0001/00b   22  0 0    0 0 0  ID:0x0000 Stat:SC  BC:0004    1 (H) 4a000001 00000004 00010b00   ----   0            0x10de7941                                    
                                                                                                                        0 (D) 00000000
spd_0        241133.00000000 241225.00000000 T CfgWr0     0x0001/00a   23  0 0    0 0 0  BDF:0x0000 R:0x007   0 f      1 (H) 44000001 00010a0f 0000001c   ----   0            0xd8b304db                                    
                                                                                                                        0 (D) 00000000
spd_0        241293.00000000 241321.00000000 T ACK                     22                                                                                                         0x7421                                    
spd_0        241613.00000000 241641.00000000 T UPDATEFC_CPL_VC0                              123     1071                                                                         0xa14a                                    
spd_0        241621.00000000 241649.00000000 R ACK                     23                                                                                                         0xd53a                                    
spd_0        241661.00000000 241689.00000000 R UPDATEFC_NP_VC0                                48       15                                                                         0x4a89                                    
spd_0        241693.00000000 241769.00000000 R Cpl        0x0001/00a   23  0 0    0 0 0  ID:0x0000 Stat:SC  BC:0004    0 (H) 0a000000 00000004 00010a00   ----                0x591555fc                                    
spd_0        241965.00000000 242041.00000000 T CfgRd0     0x0001/013   24  0 0    0 0 0  BDF:0x0000 R:0x008   0 f      1 (H) 04000001 0001130f 00000020   ----                0xd4efc9b1                                    
spd_0        242277.00000000 242305.00000000 T UPDATEFC_CPL_VC0                              124     1071                                                                         0x6107                                    
spd_0        242509.00000000 242601.00000000 R CplD       0x0001/013   24  0 0    0 0 0  ID:0x0000 Stat:SC  BC:0004    1 (H) 4a000001 00000004 00011300   ----   0            0x70a6d8ef                                    
                                                                                                                        0 (D) 00000000
spd_0        242773.00000000 242801.00000000 R ACK                     24                                                                                                         0xbaa5                                    
spd_0        242797.00000000 242889.00000000 T CfgWr0     0x0001/019   25  0 0    0 0 0  BDF:0x0000 R:0x008   0 f      1 (H) 44000001 0001190f 00000020   ----   0            0xc104d3ec                                    
                                                                                                                        0 (D) ffffffff
spd_0        243061.00000000 243089.00000000 T UPDATEFC_CPL_VC0                              125     1072                                                                         0xe3ec                                    
spd_0        243325.00000000 243353.00000000 R UPDATEFC_NP_VC0                                50       16                                                                         0xfcd1                                    
spd_0        243357.00000000 243433.00000000 R Cpl        0x0001/019   25  0 0    0 0 0  ID:0x0000 Stat:SC  BC:0004    0 (H) 0a000000 00000004 00011900   ----                0x7b585c67                                    
spd_0        243493.00000000 243521.00000000 T ACK                     24                                                                                                         0xbaa5                                    
spd_0        243629.00000000 243705.00000000 T CfgRd0     0x0001/010   26  0 0    0 0 0  BDF:0x0000 R:0x008   0 f      1 (H) 04000001 0001100f 00000020   ----                0x31280157                                    
spd_0        243729.00000000 243757.00000000 T UPDATEFC_CPL_VC0                              126     1072                                                                         0xd75f                                    
spd_0        243733.00000000 243761.00000000 R ACK                     25                                                                                                         0x1bbe                                    
spd_0        244225.00000000 244253.00000000 T ACK                     25                                                                                                         0x1bbe                                    
spd_0        244173.00000000 244265.00000000 R CplD       0x0001/010   26  0 0    0 0 0  ID:0x0000 Stat:SC  BC:0004    1 (H) 4a000001 00000004 00011000   ----   0            0x194470bd                                    
                                                                                                                        0 (D) 00000000
spd_0        244461.00000000 244553.00000000 T CfgWr0     0x0001/004   27  0 0    0 0 0  BDF:0x0000 R:0x008   0 f      1 (H) 44000001 0001040f 00000020   ----   0            0xbdbe0434                                    
                                                                                                                        0 (D) 00000000
spd_0        244693.00000000 244721.00000000 T UPDATEFC_CPL_VC0                              127     1073                                                                         0x9a2a                                    
spd_0        244693.00000000 244721.00000000 R ACK                     26                                                                                                         0xf892                                    
spd_0        244989.00000000 245017.00000000 R UPDATEFC_NP_VC0                                52       17                                                                         0x71e9                                    
spd_0        245021.00000000 245097.00000000 R Cpl        0x0001/004   27  0 0    0 0 0  ID:0x0000 Stat:SC  BC:0004    0 (H) 0a000000 00000004 00010400   ----                0x2c816cf8                                    
spd_0        245293.00000000 245369.00000000 T CfgRd0     0x0001/002   28  0 0    0 0 0  BDF:0x0000 R:0x009   0 f      1 (H) 04000001 0001020f 00000024   ----                0x659097be                                    
spd_0        245565.00000000 245593.00000000 T ACK                     27                                                                                                         0x5989                                    
spd_0        245713.00000000 245741.00000000 T UPDATEFC_CPL_VC0                              128     1073                                                                         0xa946                                    
spd_0        245653.00000000 245681.00000000 R ACK                     27                                                                                                         0x5989                                    
spd_0        245837.00000000 245929.00000000 R CplD       0x0001/002   28  0 0    0 0 0  ID:0x0000 Stat:SC  BC:0004    1 (H) 4a000001 00000004 00010200   ----   0            0x81505a54                                    
                                                                                                                        0 (D) 00000000
spd_0        246133.00000000 246225.00000000 T CfgWr0     0x0001/014   29  0 0    0 0 0  BDF:0x0000 R:0x009   0 f      1 (H) 44000001 0001140f 00000024   ----   0            0x7e0ea59f                                    
                                                                                                                        0 (D) ffffffff
spd_0        246389.00000000 246417.00000000 T UPDATEFC_CPL_VC0                              129     1074                                                                         0xa604                                    
spd_0        246613.00000000 246641.00000000 R ACK                     29                                                                                                         0x9fd0                                    
spd_0        246653.00000000 246681.00000000 R UPDATEFC_NP_VC0                                54       18                                                                         0x4a18                                    
spd_0        246693.00000000 246769.00000000 R Cpl        0x0001/014   29  0 0    0 0 0  ID:0x0000 Stat:SC  BC:0004    0 (H) 0a000000 00000004 00011400   ----                0xa04c4b12                                    
spd_0        246957.00000000 247033.00000000 T CfgRd0     0x0001/018   30  0 0    0 0 0  BDF:0x0000 R:0x009   0 f      1 (H) 04000001 0001180f 00000024   ----                0xd304867c                                    
spd_0        247041.00000000 247069.00000000 T ACK                     29                                                                                                         0x9fd0                                    
spd_0        247101.00000000 247129.00000000 T UPDATEFC_CPL_VC0                              130     1074                                                                         0x92b7                                    
spd_0        247501.00000000 247593.00000000 R CplD       0x0001/018   30  0 0    0 0 0  ID:0x0000 Stat:SC  BC:0004    1 (H) 4a000001 00000004 00011800   ----   0            0xbbe12b22                                    
                                                                                                                        0 (D) 00000000
spd_0        247765.00000000 247793.00000000 R ACK                     30                                                                                                         0x7cfc                                    
spd_0        247789.00000000 247881.00000000 T CfgWr0     0x0001/013   31  0 0    0 0 0  BDF:0x0000 R:0x009   0 f      1 (H) 44000001 0001130f 00000024   ----   0            0x23a5fe77                                    
                                                                                                                        0 (D) 00000000
spd_0        248177.00000000 248205.00000000 T UPDATEFC_CPL_VC0                              131     1075                                                                         0xdfc2                                    
spd_0        248317.00000000 248345.00000000 R UPDATEFC_NP_VC0                                56       19                                                                         0x3e7d                                    
spd_0        248349.00000000 248425.00000000 R Cpl        0x0001/013   31  0 0    0 0 0  ID:0x0000 Stat:SC  BC:0004    0 (H) 0a000000 00000004 00011300   ----                0x2c6f563d                                    
spd_0        248621.00000000 248697.00000000 T CfgRd0     0x0001/006   32  0 0    0 0 0  BDF:0x0000 R:0x01d   0 f      1 (H) 04000001 0001060f 00000074   ----                0x53d7aed3                                    
spd_0        248725.00000000 248753.00000000 T ACK                     31                                                                                                         0xdde7                                    
spd_0        248765.00000000 248793.00000000 T UPDATEFC_CPL_VC0                              132     1075                                                                         0x1f8f                                    
spd_0        248725.00000000 248753.00000000 R ACK                     31                                                                                                         0xdde7                                    
spd_0        249165.00000000 249257.00000000 R CplD       0x0001/006   32  0 0    0 0 0  ID:0x0000 Stat:SC  BC:0004    1 (H) 4a000001 00000004 00010600   ----   0            0x9f04b947                                    
                                                                                                                        0 (D) c18f0000
spd_0        249389.00000000 249417.00000000 T UPDATEFC_CPL_VC0                              133     1076                                                                         0x94a3                                    
spd_0        249453.00000000 249529.00000000 T CfgRd0     0x0001/006   33  0 0    0 0 0  BDF:0x0000 R:0x01e   0 f      1 (H) 04000001 0001060f 00000078   ----                0xfd428e07                                    
spd_0        249685.00000000 249713.00000000 R ACK                     32                                                                                                         0xb156                                    
spd_0        249981.00000000 250009.00000000 R UPDATEFC_NP_VC0                                58       19                                                                         0xe6a0                                    
spd_0        250013.00000000 250105.00000000 R CplD       0x0001/006   33  0 0    0 0 0  ID:0x0000 Stat:SC  BC:0004    1 (H) 4a000001 00000004 00010600   ----   0            0x2c1911c6                                    
                                                                                                                        0 (D) 10201000
spd_0        250285.00000000 250377.00000000 T CfgWr0     0x0001/000   34  0 0    0 0 0  BDF:0x0000 R:0x01e   0 f      1 (H) 44000001 0001000f 00000078   ----   0            0x17fc07cb                                    
                                                                                                                        0 (D) 30101000
spd_0        250493.00000000 250521.00000000 T ACK                     33                                                                                                         0x104d                                    
spd_0        250677.00000000 250705.00000000 T UPDATEFC_CPL_VC0                              134     1077                                                                          0x10b                                    
spd_0        250645.00000000 250673.00000000 R ACK                     33                                                                                                         0x104d                                    
spd_0        250845.00000000 250921.00000000 R Cpl        0x0001/000   34  0 0    0 0 0  ID:0x0000 Stat:SC  BC:0004    0 (H) 0a000000 00000004 00010000   ----                0xefa3ec1c                                    
spd_0        251117.00000000 251209.00000000 T CfgWr0     0x0001/011   35  0 0    0 0 0  BDF:0x0000 R:0x001   0 f      1 (H) 44000001 0001110f 00000004   ----   0            0x75a1f783                                    
                                                                                                                        0 (D) 07000000
spd_0        251333.00000000 251361.00000000 T UPDATEFC_CPL_VC0                              135     1077                                                                         0xed65                                    
spd_0        251661.00000000 251689.00000000 R UPDATEFC_NP_VC0                                60       21                                                                          0xcda                                    
spd_0        251693.00000000 251769.00000000 R Cpl        0x0001/011   35  0 0    0 0 0  ID:0x0000 Stat:SC  BC:0004    0 (H) 0a000000 00000004 00011100   ----                0x7a59a392                                    
spd_0        251949.00000000 252041.00000000 T MWr32      0x0001/01d   36  0 0    0 0 0          0x00400010   0 f      1 (H) 40000001 00011d0f 00400010   ----   0            0xaf76c1e9                                    
                                                                                                                        0 (D) 04030201   ----     ----     ----  
spd_0        252049.00000000 252077.00000000 T UPDATEFC_P_VC0                                102     1024                                                                          0x958                                    
spd_0        252085.00000000 252113.00000000 T UPDATEFC_NP_VC0                               101     1040                                                                         0xd796                                    
spd_0        252121.00000000 252149.00000000 T UPDATEFC_CPL_VC0                              136     1077                                                                         0xd475                                    
spd_0        252157.00000000 252249.00000000 T MWr32      0x0001/0c0   37  0 0    0 0 0          0x00400014   0 f      1 (H) 40000001 0001c00f 00400014   ----   0            0xac09d61f                                    
                                                                                                                        0 (D) 08070605   ----     ----     ----  
spd_0        252257.00000000 252349.00000000 T MWr32      0x0001/096   38  0 0    0 0 0          0x00400018   0 f      1 (H) 40000001 0001960f 00400018   ----   0            0x3224cd1e                                    
                                                                                                                        0 (D) 0c0b0a09   ----     ----     ----  
spd_0        252325.00000000 252353.00000000 R ACK                     35                                                                                                         0x527a                                    
spd_0        252357.00000000 252449.00000000 T MWr32      0x0001/0f5   39  0 0    0 0 0          0x0040001c   0 f      1 (H) 40000001 0001f50f 0040001c   ----   0            0x24b7fc28                                    
                                                                                                                        0 (D) 100f0e0d   ----     ----     ----  
spd_0        252461.00000000 252553.00000000 T MWr32      0x0001/046   40  0 0    0 0 0          0x00400020   0 f      1 (H) 40000001 0001460f 00400020   ----   0            0x1d2d4687                                    
                                                                                                                        0 (D) 14131211   ----     ----     ----  
spd_0        252561.00000000 252589.00000000 T ACK                     35                                                                                                         0x527a                                    
spd_0        252593.00000000 252669.00000000 T MRd32      0x0001/019   41  0 0    0 0 0          0x00400020   0 f      1 (H) 00000001 0001190f 00400020   ----                0xa74e21b9                                    
spd_0        253269.00000000 253361.00000000 R CplD       0x0001/019   36  0 0    0 0 0  ID:0x0000 Stat:SC  BC:0004    1 (H) 4a000001 00000004 00011920   ----   0             0x4e437f0                                    
                                                                                                                        0 (D) 14131211   ----     ----     ----  
spd_0        253549.00000000 253641.00000000 T MWr32      0x0001/08d   42  0 0    0 0 0          0x00400024   0 f      1 (H) 40000001 00018d0f 00400024   ----   0            0x35f87b08                                    
                                                                                                                        0 (D) 18171615   ----     ----     ----  
spd_0        253677.00000000 253753.00000000 T MRd32      0x0001/013   43  0 0    0 0 0          0x00400024   0 f      1 (H) 00000001 0001130f 00400024   ----                0x931c8b7f                                    
spd_0        254005.00000000 254033.00000000 R ACK                     42                                                                                                         0xfbbc                                    
spd_0        254045.00000000 254073.00000000 R UPDATEFC_NP_VC0                                61       21                                                                         0xe0b4                                    
spd_0        254077.00000000 254105.00000000 R UPDATEFC_P_VC0                                 30       70                                                                         0x2ce9                                    
spd_0        254169.00000000 254197.00000000 T UPDATEFC_CPL_VC0                              137     1078                                                                         0xdb37                                    
spd_0        254157.00000000 254185.00000000 R UPDATEFC_NP_VC0                                61       21                                                                         0xe0b4                                    
spd_0        254189.00000000 254217.00000000 R UPDATEFC_P_VC0                                 30       70                                                                         0x2ce9                                    
spd_0        254325.00000000 254417.00000000 R CplD       0x0001/013   37  0 0    0 0 0  ID:0x0000 Stat:SC  BC:0004    1 (H) 4a000001 00000004 00011324   ----   0            0x98bc540d                                    
                                                                                                                        0 (D) 18171615   ----     ----     ----  
spd_0        254485.00000000 254513.00000000 T ACK                     37                                                                                                         0x9423                                    
spd_0        254573.00000000 254665.00000000 T MWr32      0x0001/048   44  0 0    0 0 0          0x00400028   0 f      1 (H) 40000001 0001480f 00400028   ----   0            0xcd0a52d7                                    
                                                                                                                        0 (D) 1c1b1a19   ----     ----     ----  
spd_0        254701.00000000 254777.00000000 T MRd32      0x0001/01d   45  0 0    0 0 0          0x00400028   0 f      1 (H) 00000001 00011d0f 00400028   ----                0x15eed2ec                                    
spd_0        255065.00000000 255093.00000000 T UPDATEFC_CPL_VC0                              138     1079                                                                         0x4e9f                                    
spd_0        255349.00000000 255441.00000000 R CplD       0x0001/01d   38  0 0    0 0 0  ID:0x0000 Stat:SC  BC:0004    1 (H) 4a000001 00000004 00011d28   ----   0            0x79064f82                                    
                                                                                                                        0 (D) 1c1b1a19   ----     ----     ----  
spd_0        255597.00000000 255689.00000000 T MWr32      0x0001/042   46  0 0    0 0 0          0x0040002c   0 f      1 (H) 40000001 0001420f 0040002c   ----   0            0xdb42393f                                    
                                                                                                                        0 (D) 201f1e1d   ----     ----     ----  
spd_0        255685.00000000 255713.00000000 R ACK                     45                                                                                                         0x9cfe                                    
spd_0        255725.00000000 255801.00000000 T MRd32      0x0001/004   47  0 0    0 0 0          0x0040002c   0 f      1 (H) 00000001 0001040f 0040002c   ----                0x14cc3aaf                                    
spd_0        255757.00000000 255785.00000000 R UPDATEFC_NP_VC0                                63       21                                                                         0x3869                                    
spd_0        255789.00000000 255817.00000000 R UPDATEFC_P_VC0                                 31       71                                                                         0x619c                                    
spd_0        255897.00000000 255925.00000000 T ACK                     38                                                                                                         0x770f                                    
spd_0        255937.00000000 255965.00000000 T UPDATEFC_CPL_VC0                              139     1080                                                                         0xcd6e                                    
spd_0        256373.00000000 256465.00000000 R CplD       0x0001/004   39  0 0    0 0 0  ID:0x0000 Stat:SC  BC:0004    1 (H) 4a000001 00000004 0001042c   ----   0            0x71d6450a                                    
                                                                                                                        0 (D) 201f1e1d   ----     ----     ----  
spd_0        256621.00000000 256713.00000000 T MWr32      0x0001/06b   48  0 0    0 0 0          0x00400000   0 f      1 (H) 40000001 00016b0f 00400000   ----   0            0x61676333                                    
                                                                                                                        0 (D) 80000000   ----     ----     ----  
spd_0        256749.00000000 256825.00000000 T MRd32      0x0001/00e   49  0 0    0 0 0          0x00400000   0 f      1 (H) 00000001 00010e0f 00400000   ----                0xfb299872                                    
spd_0        256841.00000000 256869.00000000 T ACK                     39                                                                                                         0xd614                                    
spd_0        256989.00000000 257017.00000000 T UPDATEFC_CPL_VC0                              140     1081                                                                         0xac38                                    
spd_0        257365.00000000 257393.00000000 R ACK                     49                                                                                                         0x1157                                    
spd_0        257397.00000000 257489.00000000 R CplD       0x0001/00e   40  0 0    0 0 0  ID:0x0000 Stat:SC  BC:0004    1 (H) 4a000001 00000004 00010e00   ----   0            0xb21c6269                                    
                                                                                                                        0 (D) 00000000   ----     ----     ----  
spd_0        257645.00000000 257721.00000000 T MRd32      0x0001/00f   50  0 0    0 0 0          0x00400030   0 f      1 (H) 00000001 00010f0f 00400030   ----                0x3ca6d722                                    
spd_0        257693.00000000 257721.00000000 R UPDATEFC_NP_VC0                                65       21                                                                         0x1174                                    
spd_0        257725.00000000 257753.00000000 R UPDATEFC_P_VC0                                 33       73                                                                         0x7d0a                                    
spd_0        257881.00000000 257909.00000000 T UPDATEFC_CPL_VC0                              141     1082                                                                         0xa37a                                    
spd_0        258293.00000000 258385.00000000 R CplD       0x0001/00f   41  0 0    0 0 0  ID:0x0000 Stat:SC  BC:0004    1 (H) 4a000001 00000004 00010f30   ----   0            0x7dbaa8d4                                    
                                                                                                                        0 (D) 18161412   ----     ----     ----  
spd_0        258541.00000000 258617.00000000 T MRd32      0x0001/017   51  0 0    0 0 0          0x00400034   0 f      1 (H) 00000001 0001170f 00400034   ----                0x563ba917                                    
spd_0        258737.00000000 258765.00000000 T ACK                     41                                                                                                         0x1890                                    
spd_0        258945.00000000 258973.00000000 T UPDATEFC_CPL_VC0                              142     1083                                                                         0x36d2                                    
spd_0        259173.00000000 259201.00000000 R ACK                     51                                                                                                         0x5360                                    
spd_0        259205.00000000 259297.00000000 R CplD       0x0001/017   42  0 0    0 0 0  ID:0x0000 Stat:SC  BC:0004    1 (H) 4a000001 00000004 00011734   ----   0             0x344b960                                    
                                                                                                                        0 (D) 201e1c1a   ----     ----     ----  
spd_0        259437.00000000 259513.00000000 T MRd32      0x0001/010   52  0 0    0 0 0          0x00400038   0 f      1 (H) 00000001 0001100f 00400038   ----                0x9d41697e                                    
spd_0        259677.00000000 259705.00000000 T UPDATEFC_CPL_VC0                              143     1084                                                                         0xbdfe                                    
spd_0        259725.00000000 259753.00000000 R UPDATEFC_NP_VC0                                67       21                                                                         0xc9a9                                    
spd_0        260085.00000000 260177.00000000 R CplD       0x0001/010   43  0 0    0 0 0  ID:0x0000 Stat:SC  BC:0004    1 (H) 4a000001 00000004 00011038   ----   0            0x5bcabbef                                    
                                                                                                                        0 (D) 28262422   ----     ----     ----  
spd_0        260333.00000000 260409.00000000 T MRd32      0x0001/013   53  0 0    0 0 0          0x0040003c   0 f      1 (H) 00000001 0001130f 0040003c   ----                0xaf2e0622                                    
spd_0        260417.00000000 260445.00000000 T UPDATEFC_CPL_VC0                              144     1085                                                                         0xd74e                                    
spd_0        260605.00000000 260633.00000000 T ACK                     43                                                                                                         0x5aa7                                    
spd_0        260965.00000000 260993.00000000 R ACK                     53                                                                                                         0x9539                                    
spd_0        260997.00000000 261089.00000000 R CplD       0x0001/013   44  0 0    0 0 0  ID:0x0000 Stat:SC  BC:0004    1 (H) 4a000001 00000004 0001133c   ----   0            0x8c4e81e1                                    
                                                                                                                        0 (D) 302e2c2a   ----     ----     ----  
