                  Start           End        D                                     I           Address        BE|ST   Len     Prefix (P) / PBR TLP Header (B)                                      |          IDE           |
  Reporter        Time            Time       I TLP Type R_ID/Tag|ST    Seq TC T  P D R N    Reg#/MsgRt/Cpl      BC    Idx          Header (H) / Data (D)          E    ECRC/      LCRC      TX/RX  |Pr   Str Sub T P M K T A|
                  (ns)            (ns)       R      DLLP Type          Num VC H  H O O S    HdrFC   DataFC    MCode   DW            (All values in Hex)           P    PCRC       CRC       Status |sent eam str Y          |
                                                                                         IDE pr_snt npr/ cpl    LA                                                                                 |cntr  ID eam P          |
                                                                                           IDE MSG str_id                                                                                                        E           
------------ --------------- --------------- - ---------------------- ---- -- - -- - - - ------------------- ------- ---- ------------ -------- -------- -------- - ---------- ---------- --------  ---- --- --- - - - - - - 
spd_0        83085.000000000 83113.000000000 T INITFC1_P_VC0                                 102     1024                                                                         0xce18                                    
spd_0        83269.000000000 83297.000000000 T INITFC1_NP_VC0                                101     1040                                                                         0x10d6                                    
spd_0        83209.000000000 83237.000000000 R INITFC1_P_VC0                                  24       64                                                                          0x1d3                                    
spd_0        83241.000000000 83269.000000000 R INITFC1_NP_VC0                                 24        6                                                                         0x2885                                    
spd_0        83273.000000000 83301.000000000 R INITFC1_CPL_VC0                                 0        0                                                                         0xd892                                    
spd_0        83305.000000000 83333.000000000 R INITFC1_P_VC0                                  24       64                                                                          0x1d3                                    
spd_0        83337.000000000 83365.000000000 R INITFC1_NP_VC0                                 24        6                                                                         0x2885                                    
spd_0        83433.000000000 83461.000000000 T INITFC1_CPL_VC0                               100     1056                                                                         0xc23e                                    
spd_0        83369.000000000 83397.000000000 R INITFC1_CPL_VC0                                 0        0                                                                         0xd892                                    
spd_0        83401.000000000 83429.000000000 R INITFC1_P_VC0                                  24       64                                                                          0x1d3                                    
spd_0        83433.000000000 83461.000000000 R INITFC1_NP_VC0                                 24        6                                                                         0x2885                                    
spd_0        83537.000000000 83565.000000000 T INITFC2_P_VC0                                 102     1024                                                                         0xb467                                    
spd_0        83465.000000000 83493.000000000 R INITFC1_CPL_VC0                                 0        0                                                                         0xd892                                    
spd_0        83497.000000000 83525.000000000 R INITFC1_P_VC0                                  24       64                                                                          0x1d3                                    
spd_0        83593.000000000 83621.000000000 T INITFC2_NP_VC0                                101     1040                                                                         0x6aa9                                    
spd_0        83529.000000000 83557.000000000 R INITFC1_NP_VC0                                 24        6                                                                         0x2885                                    
spd_0        83561.000000000 83589.000000000 R INITFC1_CPL_VC0                                 0        0                                                                         0xd892                                    
spd_0        83593.000000000 83621.000000000 R INITFC1_P_VC0                                  24       64                                                                          0x1d3                                    
spd_0        83685.000000000 83713.000000000 T INITFC2_CPL_VC0                               100     1056                                                                         0xb841                                    
spd_0        83625.000000000 83653.000000000 R INITFC1_NP_VC0                                 24        6                                                                         0x2885                                    
spd_0        83717.000000000 83745.000000000 T INITFC2_P_VC0                                 102     1024                                                                         0xb467                                    
spd_0        83657.000000000 83685.000000000 R INITFC1_CPL_VC0                                 0        0                                                                         0xd892                                    
spd_0        83689.000000000 83717.000000000 R INITFC1_P_VC0                                  24       64                                                                          0x1d3                                    
spd_0        83721.000000000 83749.000000000 R INITFC1_NP_VC0                                 24        6                                                                         0x2885                                    
spd_0        83753.000000000 83781.000000000 R INITFC1_CPL_VC0                                 0        0                                                                         0xd892                                    
spd_0        83845.000000000 83873.000000000 T INITFC2_NP_VC0                                101     1040                                                                         0x6aa9                                    
spd_0        83785.000000000 83813.000000000 R INITFC2_P_VC0                                  24       64                                                                         0x7bac                                    
spd_0        83877.000000000 83905.000000000 T INITFC2_CPL_VC0                               100     1056                                                                         0xb841                                    
spd_0        83817.000000000 83845.000000000 R INITFC2_NP_VC0                                 24        6                                                                         0x52fa                                    
spd_0        83849.000000000 83877.000000000 R INITFC2_CPL_VC0                                 0        0                                                                         0xa2ed                                    
spd_0        83913.000000000 83989.000000000 T CfgRd0     0x0001/00e    0  0 0    0 0 0  BDF:0x0000 R:0x000   0 f      1 (H) 04000001 00010e0f 00000000   ----                0xeeabebdb                                    
spd_0        84401.000000000 84493.000000000 R CplD       0x0001/00e    0  0 0    0 0 0  ID:0x0000 Stat:SC  BC:0004    1 (H) 4a000001 00000004 00010e00   ----   0            0x9f2cd2e2                                    
                                                                                                                        0 (D) c316cdab
spd_0        84653.000000000 84729.000000000 T CfgRd0     0x0001/012    1  0 0    0 0 0  BDF:0x0000 R:0x003   0 f      1 (H) 04000001 0001120f 0000000c   ----                0xa0fcdf7b                                    
spd_0        84665.000000000 84693.000000000 R ACK                      0                                                                                                         0xb362                                    
spd_0        85069.000000000 85097.000000000 T UPDATEFC_CPL_VC0                              101     1057                                                                         0x480b                                    
spd_0        85137.000000000 85229.000000000 R CplD       0x0001/012    1  0 0    0 0 0  ID:0x0000 Stat:SC  BC:0004    1 (H) 4a000001 00000004 00011200   ----   0            0x75686352                                    
                                                                                                                        0 (D) 00000000
spd_0        85233.000000000 85261.000000000 R UPDATEFC_NP_VC0                                26        6                                                                         0x3718                                    
spd_0        85421.000000000 85497.000000000 T CfgRd0     0x0001/004    2  0 0    0 0 0  BDF:0x0000 R:0x00d   0 f      1 (H) 04000001 0001040f 00000034   ----                0x76c9983b                                    
spd_0        85625.000000000 85653.000000000 R ACK                      1                                                                                                         0x1279                                    
spd_0        85885.000000000 85913.000000000 T UPDATEFC_CPL_VC0                              102     1058                                                                         0x9f94                                    
spd_0        85945.000000000 85973.000000000 T ACK                      1                                                                                                         0x1279                                    
spd_0        85905.000000000 85997.000000000 R CplD       0x0001/004    2  0 0    0 0 0  ID:0x0000 Stat:SC  BC:0004    1 (H) 4a000001 00000004 00010400   ----   0            0x4a8a624f                                    
                                                                                                                        0 (D) 40000000
spd_0        86189.000000000 86265.000000000 T CfgRd0     0x0001/01b    3  0 0    0 0 0  BDF:0x0000 R:0x010   0 f      1 (H) 04000001 00011b0f 00000040   ----                0x9815e643                                    
spd_0        86469.000000000 86497.000000000 T UPDATEFC_CPL_VC0                              103     1059                                                                         0xd2e1                                    
spd_0        86585.000000000 86613.000000000 R ACK                      3                                                                                                         0x504e                                    
spd_0        86673.000000000 86765.000000000 R CplD       0x0001/01b    3  0 0    0 0 0  ID:0x0000 Stat:SC  BC:0004    1 (H) 4a000001 00000004 00011b00   ----   0            0xd658724f                                    
                                                                                                                        0 (D) 0170c3c9
spd_0        86769.000000000 86797.000000000 R UPDATEFC_NP_VC0                                28        6                                                                         0x1b3b                                    
spd_0        86957.000000000 87033.000000000 T CfgRd0     0x0001/000    4  0 0    0 0 0  BDF:0x0000 R:0x01c   0 f      1 (H) 04000001 0001000f 00000070   ----                0x34d15d71                                    
spd_0        87041.000000000 87069.000000000 T ACK                      3                                                                                                         0x504e                                    
spd_0        87273.000000000 87301.000000000 T UPDATEFC_CPL_VC0                              104     1060                                                                         0x8cb3                                    
spd_0        87441.000000000 87533.000000000 R CplD       0x0001/000    4  0 0    0 0 0  ID:0x0000 Stat:SC  BC:0004    1 (H) 4a000001 00000004 00010000   ----   0            0x7412fc8a                                    
                                                                                                                        0 (D) 10000200
spd_0        87725.000000000 87801.000000000 T CfgRd0     0x0001/006    5  0 0    0 0 0  BDF:0x0000 R:0x01c   0 f      1 (H) 04000001 0001060f 00000070   ----                0xaceb927a                                    
spd_0        87705.000000000 87733.000000000 R ACK                      4                                                                                                         0x370c                                    
spd_0        87805.000000000 87833.000000000 T ACK                      4                                                                                                         0x370c                                    
spd_0        88221.000000000 88249.000000000 T UPDATEFC_CPL_VC0                              105     1061                                                                         0xc1c6                                    
spd_0        88209.000000000 88301.000000000 R CplD       0x0001/006    5  0 0    0 0 0  ID:0x0000 Stat:SC  BC:0004    1 (H) 4a000001 00000004 00010600   ----   0            0x2a3a03db                                    
                                                                                                                        0 (D) 10000200
spd_0        88305.000000000 88333.000000000 R UPDATEFC_NP_VC0                                30        6                                                                         0xc3e6                                    
spd_0        88393.000000000 88421.000000000 T ACK                      5                                                                                                         0x9617                                    
spd_0        88493.000000000 88569.000000000 T CfgRd0     0x0001/017    6  0 0    0 0 0  BDF:0x0000 R:0x004   0 f      1 (H) 04000001 0001170f 00000010   ----                 0x4376042                                    
spd_0        88725.000000000 88753.000000000 T UPDATEFC_CPL_VC0                              106     1062                                                                         0x1659                                    
spd_0        88665.000000000 88693.000000000 R ACK                      5                                                                                                         0x9617                                    
spd_0        88977.000000000 89069.000000000 R CplD       0x0001/017    6  0 0    0 0 0  ID:0x0000 Stat:SC  BC:0004    1 (H) 4a000001 00000004 00011700   ----   0            0x8d853c22                                    
                                                                                                                        0 (D) 00000000
spd_0        89173.000000000 89201.000000000 T ACK                      6                                                                                                         0x753b                                    
spd_0        89261.000000000 89353.000000000 T CfgWr0     0x0001/000    7  0 0    0 0 0  BDF:0x0000 R:0x004   0 f      1 (H) 44000001 0001000f 00000010   ----   0            0x8e773cc0                                    
                                                                                                                        0 (D) ffffffff
spd_0        89697.000000000 89725.000000000 T UPDATEFC_CPL_VC0                              107     1063                                                                         0x5b2c                                    
spd_0        89625.000000000 89653.000000000 R ACK                      7                                                                                                         0xd420                                    
spd_0        89769.000000000 89845.000000000 R Cpl        0x0001/000    7  0 0    0 0 0  ID:0x0000 Stat:SC  BC:0004    0 (H) 0a000000 00000004 00010000   ----                 0x95bbdb2                                    
spd_0        89849.000000000 89877.000000000 R UPDATEFC_NP_VC0                                32        7                                                                         0xb0ef                                    
spd_0        90029.000000000 90105.000000000 T CfgRd0     0x0001/01c    8  0 0    0 0 0  BDF:0x0000 R:0x004   0 f      1 (H) 04000001 00011c0f 00000010   ----                0x77cb41d2                                    
spd_0        90453.000000000 90481.000000000 T ACK                      7                                                                                                         0xd420                                    
spd_0        90489.000000000 90517.000000000 T UPDATEFC_CPL_VC0                              108     1063                                                                         0x9b61                                    
spd_0        90513.000000000 90605.000000000 R CplD       0x0001/01c    8  0 0    0 0 0  ID:0x0000 Stat:SC  BC:0004    1 (H) 4a000001 00000004 00011c00   ----   0            0x279ff9b7                                    
                                                                                                                        0 (D) 0000ffff
spd_0        90705.000000000 90733.000000000 T UPDATEFC_CPL_VC0                              109     1064                                                                         0x1890                                    
spd_0        90777.000000000 90805.000000000 R ACK                      8                                                                                                         0xbbbf                                    
spd_0        90797.000000000 90889.000000000 T CfgWr0     0x0001/000    9  0 0    0 0 0  BDF:0x0000 R:0x004   0 f      1 (H) 44000001 0001000f 00000010   ----   0            0xfbafa35f                                    
                                                                                                                        0 (D) 00000000
spd_0        91297.000000000 91373.000000000 R Cpl        0x0001/000    9  0 0    0 0 0  ID:0x0000 Stat:SC  BC:0004    0 (H) 0a000000 00000004 00010000   ----                0xb9575b48                                    
spd_0        91377.000000000 91405.000000000 R UPDATEFC_NP_VC0                                34        8                                                                          0x7ad                                    
spd_0        91565.000000000 91593.000000000 T UPDATEFC_CPL_VC0                              110     1064                                                                         0x2c23                                    
spd_0        91597.000000000 91689.000000000 T CfgWr0     0x0001/005   10  0 0    0 0 0  BDF:0x0000 R:0x004   0 f      1 (H) 44000001 0001050f 00000010   ----   0            0x3e70691a                                    
                                                                                                                        0 (D) 00004000
spd_0        91737.000000000 91765.000000000 R ACK                      9                                                                                                         0x1aa4                                    
spd_0        91905.000000000 91933.000000000 T ACK                      9                                                                                                         0x1aa4                                    
spd_0        92097.000000000 92173.000000000 R Cpl        0x0001/005   10  0 0    0 0 0  ID:0x0000 Stat:SC  BC:0004    0 (H) 0a000000 00000004 00010500   ----                0x32cfe688                                    
spd_0        92333.000000000 92409.000000000 T CfgRd0     0x0001/017   11  0 0    0 0 0  BDF:0x0000 R:0x004   0 f      1 (H) 04000001 0001170f 00000010   ----                0x7a574c05                                    
spd_0        92417.000000000 92445.000000000 T UPDATEFC_CPL_VC0                              111     1064                                                                         0xc04d                                    
spd_0        92697.000000000 92725.000000000 R ACK                     11                                                                                                         0x5893                                    
spd_0        92817.000000000 92909.000000000 R CplD       0x0001/017   11  0 0    0 0 0  ID:0x0000 Stat:SC  BC:0004    1 (H) 4a000001 00000004 00011700   ----   0            0x9a69fbc0                                    
                                                                                                                        0 (D) 00004000
spd_0        92913.000000000 92941.000000000 R UPDATEFC_NP_VC0                                36        9                                                                         0x8a95                                    
spd_0        93101.000000000 93177.000000000 T CfgRd0     0x0001/00d   12  0 0    0 0 0  BDF:0x0000 R:0x005   0 f      1 (H) 04000001 00010d0f 00000014   ----                0xc6b41fdd                                    
spd_0        93277.000000000 93305.000000000 T ACK                     11                                                                                                         0x5893                                    
spd_0        93509.000000000 93537.000000000 T UPDATEFC_CPL_VC0                              112     1065                                                                         0xaafd                                    
spd_0        93585.000000000 93677.000000000 R CplD       0x0001/00d   12  0 0    0 0 0  ID:0x0000 Stat:SC  BC:0004    1 (H) 4a000001 00000004 00010d00   ----   0            0x297b5db2                                    
                                                                                                                        0 (D) 00000000
spd_0        93849.000000000 93877.000000000 R ACK                     12                                                                                                         0x3fd1                                    
spd_0        93869.000000000 93961.000000000 T CfgWr0     0x0001/005   13  0 0    0 0 0  BDF:0x0000 R:0x005   0 f      1 (H) 44000001 0001050f 00000014   ----   0            0x53c5b9e1                                    
                                                                                                                        0 (D) ffffffff
spd_0        94409.000000000 94437.000000000 T UPDATEFC_CPL_VC0                              113     1066                                                                         0xa5bf                                    
spd_0        94369.000000000 94445.000000000 R Cpl        0x0001/005   13  0 0    0 0 0  ID:0x0000 Stat:SC  BC:0004    0 (H) 0a000000 00000004 00010500   ----                0x6ac995f5                                    
spd_0        94449.000000000 94477.000000000 R UPDATEFC_NP_VC0                                38       10                                                                         0xb164                                    
spd_0        94637.000000000 94713.000000000 T CfgRd0     0x0001/001   14  0 0    0 0 0  BDF:0x0000 R:0x005   0 f      1 (H) 04000001 0001010f 00000014   ----                0xf6c181ca                                    
spd_0        94829.000000000 94857.000000000 T UPDATEFC_CPL_VC0                              114     1066                                                                         0x910c                                    
spd_0        94809.000000000 94837.000000000 R ACK                     13                                                                                                         0x9eca                                    
spd_0        95073.000000000 95101.000000000 T ACK                     13                                                                                                         0x9eca                                    
spd_0        95121.000000000 95213.000000000 R CplD       0x0001/001   14  0 0    0 0 0  ID:0x0000 Stat:SC  BC:0004    1 (H) 4a000001 00000004 00010100   ----   0            0x952ba311                                    
                                                                                                                        0 (D) 00000000
spd_0        95405.000000000 95497.000000000 T CfgWr0     0x0001/009   15  0 0    0 0 0  BDF:0x0000 R:0x005   0 f      1 (H) 44000001 0001090f 00000014   ----   0            0xf99502f1                                    
                                                                                                                        0 (D) 00000000
spd_0        95673.000000000 95701.000000000 T ACK                     14                                                                                                         0x7de6                                    
spd_0        95705.000000000 95733.000000000 T UPDATEFC_CPL_VC0                              115     1067                                                                         0xdc79                                    
spd_0        95769.000000000 95797.000000000 R ACK                     15                                                                                                         0xdcfd                                    
spd_0        95905.000000000 95981.000000000 R Cpl        0x0001/009   15  0 0    0 0 0  ID:0x0000 Stat:SC  BC:0004    0 (H) 0a000000 00000004 00010900   ----                0x2d337c39                                    
spd_0        95985.000000000 96013.000000000 R UPDATEFC_NP_VC0                                40       11                                                                         0xc501                                    
spd_0        96173.000000000 96249.000000000 T CfgRd0     0x0001/01f   16  0 0    0 0 0  BDF:0x0000 R:0x006   0 f      1 (H) 04000001 00011f0f 00000018   ----                0x5c440ab4                                    
spd_0        96633.000000000 96661.000000000 T UPDATEFC_CPL_VC0                              116     1067                                                                         0x1c34                                    
spd_0        96657.000000000 96749.000000000 R CplD       0x0001/01f   16  0 0    0 0 0  ID:0x0000 Stat:SC  BC:0004    1 (H) 4a000001 00000004 00011f00   ----   0            0x95290a7e                                    
                                                                                                                        0 (D) 00000000
spd_0        96921.000000000 96949.000000000 R ACK                     16                                                                                                         0xb278                                    
spd_0        96941.000000000 97033.000000000 T CfgWr0     0x0001/012   17  0 0    0 0 0  BDF:0x0000 R:0x006   0 f      1 (H) 44000001 0001120f 00000018   ----   0            0xef437263                                    
                                                                                                                        0 (D) ffffffff
spd_0        97361.000000000 97389.000000000 T UPDATEFC_CPL_VC0                              117     1068                                                                         0x9718                                    
spd_0        97441.000000000 97517.000000000 R Cpl        0x0001/012   17  0 0    0 0 0  ID:0x0000 Stat:SC  BC:0004    0 (H) 0a000000 00000004 00011200   ----                0xdd52abde                                    
spd_0        97521.000000000 97549.000000000 R UPDATEFC_NP_VC0                                42       12                                                                         0x7a9e                                    
spd_0        97673.000000000 97701.000000000 T ACK                     17                                                                                                         0x1363                                    
spd_0        97709.000000000 97785.000000000 T CfgRd0     0x0001/016   18  0 0    0 0 0  BDF:0x0000 R:0x006   0 f      1 (H) 04000001 0001160f 00000018   ----                0xdfa059f3                                    
spd_0        97833.000000000 97861.000000000 T UPDATEFC_CPL_VC0                              118     1068                                                                         0xa3ab                                    
spd_0        97881.000000000 97909.000000000 R ACK                     17                                                                                                         0x1363                                    
spd_0        98193.000000000 98285.000000000 R CplD       0x0001/016   18  0 0    0 0 0  ID:0x0000 Stat:SC  BC:0004    1 (H) 4a000001 00000004 00011600   ----   0            0x9ae8398d                                    
                                                                                                                        0 (D) 00000000
spd_0        98477.000000000 98569.000000000 T CfgWr0     0x0001/01f   19  0 0    0 0 0  BDF:0x0000 R:0x006   0 f      1 (H) 44000001 00011f0f 00000018   ----   0            0x7b780b9c                                    
                                                                                                                        0 (D) 00000000
spd_0        98841.000000000 98869.000000000 R ACK                     19                                                                                                         0x5154                                    
spd_0        99057.000000000 99085.000000000 T UPDATEFC_CPL_VC0                              119     1069                                                                         0xeede                                    
spd_0        98977.000000000 99053.000000000 R Cpl        0x0001/01f   19  0 0    0 0 0  ID:0x0000 Stat:SC  BC:0004    0 (H) 0a000000 00000004 00011f00   ----                0xdb99590b                                    
spd_0        99057.000000000 99085.000000000 R UPDATEFC_NP_VC0                                44       13                                                                         0xf7a6                                    
spd_0        99245.000000000 99321.000000000 T CfgRd0     0x0001/000   20  0 0    0 0 0  BDF:0x0000 R:0x007   0 f      1 (H) 04000001 0001000f 0000001c   ----                0x9d5a5e81                                    
spd_0        99557.000000000 99585.000000000 T UPDATEFC_CPL_VC0                              120     1069                                                                         0xd7ce                                    
spd_0        99729.000000000 99821.000000000 R CplD       0x0001/000   20  0 0    0 0 0  ID:0x0000 Stat:SC  BC:0004    1 (H) 4a000001 00000004 00010000   ----   0            0x14be82ff                                    
                                                                                                                        0 (D) 00000000
spd_0        99981.000000000 100009.00000000 T ACK                     20                                                                                                         0x3616                                    
spd_0        100017.00000000 100109.00000000 T CfgWr0     0x0001/015   21  0 0    0 0 0  BDF:0x0000 R:0x007   0 f      1 (H) 44000001 0001150f 0000001c   ----   0            0x99d92607                                    
                                                                                                                        0 (D) ffffffff
spd_0        100025.00000000 100053.00000000 R ACK                     20                                                                                                         0x3616                                    
spd_0        100113.00000000 100141.00000000 T UPDATEFC_CPL_VC0                              121     1070                                                                         0xd88c                                    
spd_0        100521.00000000 100597.00000000 R Cpl        0x0001/015   21  0 0    0 0 0  ID:0x0000 Stat:SC  BC:0004    0 (H) 0a000000 00000004 00011500   ----                0x8cae5351                                    
spd_0        100601.00000000 100629.00000000 R UPDATEFC_NP_VC0                                46       14                                                                         0xcc57                                    
spd_0        100781.00000000 100857.00000000 T CfgRd0     0x0001/015   22  0 0    0 0 0  BDF:0x0000 R:0x007   0 f      1 (H) 04000001 0001150f 0000001c   ----                0xfe7c19b2                                    
spd_0        100985.00000000 101013.00000000 R ACK                     21                                                                                                         0x970d                                    
spd_0        101345.00000000 101373.00000000 T UPDATEFC_CPL_VC0                              122     1070                                                                         0xec3f                                    
spd_0        101265.00000000 101357.00000000 R CplD       0x0001/015   22  0 0    0 0 0  ID:0x0000 Stat:SC  BC:0004    1 (H) 4a000001 00000004 00011500   ----   0            0xfbbda578                                    
                                                                                                                        0 (D) 00000000
spd_0        101549.00000000 101641.00000000 T CfgWr0     0x0001/011   23  0 0    0 0 0  BDF:0x0000 R:0x007   0 f      1 (H) 44000001 0001110f 0000001c   ----   0            0xc7c94a04                                    
                                                                                                                        0 (D) 00000000
spd_0        101861.00000000 101889.00000000 T UPDATEFC_CPL_VC0                              123     1071                                                                         0xa14a                                    
spd_0        101945.00000000 101973.00000000 R ACK                     23                                                                                                         0xd53a                                    
spd_0        102049.00000000 102125.00000000 R Cpl        0x0001/011   23  0 0    0 0 0  ID:0x0000 Stat:SC  BC:0004    0 (H) 0a000000 00000004 00011100   ----                0xc3de6355                                    
spd_0        102197.00000000 102225.00000000 T ACK                     23                                                                                                         0xd53a                                    
spd_0        102129.00000000 102157.00000000 R UPDATEFC_NP_VC0                                48       15                                                                         0x4a89                                    
spd_0        102317.00000000 102393.00000000 T CfgRd0     0x0001/014   24  0 0    0 0 0  BDF:0x0000 R:0x008   0 f      1 (H) 04000001 0001140f 00000020   ----                0x6cdfccac                                    
spd_0        102937.00000000 102965.00000000 T UPDATEFC_CPL_VC0                              124     1071                                                                         0x6107                                    
spd_0        102801.00000000 102893.00000000 R CplD       0x0001/014   24  0 0    0 0 0  ID:0x0000 Stat:SC  BC:0004    1 (H) 4a000001 00000004 00011400   ----   0            0xc896ddf2                                    
                                                                                                                        0 (D) 00000000
spd_0        103065.00000000 103093.00000000 R ACK                     24                                                                                                         0xbaa5                                    
spd_0        103085.00000000 103177.00000000 T CfgWr0     0x0001/00a   25  0 0    0 0 0  BDF:0x0000 R:0x008   0 f      1 (H) 44000001 00010a0f 00000020   ----   0            0x2a3e4a20                                    
                                                                                                                        0 (D) ffffffff
spd_0        103293.00000000 103321.00000000 T UPDATEFC_CPL_VC0                              125     1072                                                                         0xe3ec                                    
spd_0        103329.00000000 103357.00000000 T ACK                     24                                                                                                         0xbaa5                                    
spd_0        103585.00000000 103661.00000000 R Cpl        0x0001/00a   25  0 0    0 0 0  ID:0x0000 Stat:SC  BC:0004    0 (H) 0a000000 00000004 00010a00   ----                0xe919b306                                    
spd_0        103665.00000000 103693.00000000 R UPDATEFC_NP_VC0                                50       16                                                                         0xfcd1                                    
spd_0        103853.00000000 103929.00000000 T CfgRd0     0x0001/012   26  0 0    0 0 0  BDF:0x0000 R:0x008   0 f      1 (H) 04000001 0001120f 00000020   ----                0x3a89c91a                                    
spd_0        104025.00000000 104053.00000000 R ACK                     25                                                                                                         0x1bbe                                    
spd_0        104213.00000000 104241.00000000 T UPDATEFC_CPL_VC0                              126     1072                                                                         0xd75f                                    
spd_0        104437.00000000 104465.00000000 T ACK                     25                                                                                                         0x1bbe                                    
spd_0        104337.00000000 104429.00000000 R CplD       0x0001/012   26  0 0    0 0 0  ID:0x0000 Stat:SC  BC:0004    1 (H) 4a000001 00000004 00011200   ----   0            0x12e5b8f0                                    
                                                                                                                        0 (D) 00000000
spd_0        104621.00000000 104713.00000000 T CfgWr0     0x0001/00c   27  0 0    0 0 0  BDF:0x0000 R:0x008   0 f      1 (H) 44000001 00010c0f 00000020   ----   0            0x49fed327                                    
                                                                                                                        0 (D) 00000000
spd_0        104809.00000000 104837.00000000 T UPDATEFC_CPL_VC0                              127     1073                                                                         0x9a2a                                    
spd_0        104985.00000000 105013.00000000 R ACK                     27                                                                                                         0x5989                                    
spd_0        105153.00000000 105229.00000000 R Cpl        0x0001/00c   27  0 0    0 0 0  ID:0x0000 Stat:SC  BC:0004    0 (H) 0a000000 00000004 00010c00   ----                0x240bb530                                    
spd_0        105233.00000000 105261.00000000 R UPDATEFC_NP_VC0                                52       17                                                                         0x71e9                                    
spd_0        105389.00000000 105465.00000000 T CfgRd0     0x0001/002   28  0 0    0 0 0  BDF:0x0000 R:0x009   0 f      1 (H) 04000001 0001020f 00000024   ----                0x659097be                                    
spd_0        105521.00000000 105549.00000000 T UPDATEFC_CPL_VC0                              128     1073                                                                         0xa946                                    
spd_0        105601.00000000 105629.00000000 T ACK                     27                                                                                                         0x5989                                    
spd_0        105873.00000000 105965.00000000 R CplD       0x0001/002   28  0 0    0 0 0  ID:0x0000 Stat:SC  BC:0004    1 (H) 4a000001 00000004 00010200   ----   0            0x81505a54                                    
                                                                                                                        0 (D) 00000000
spd_0        106137.00000000 106165.00000000 R ACK                     28                                                                                                         0x3ecb                                    
spd_0        106157.00000000 106249.00000000 T CfgWr0     0x0001/007   29  0 0    0 0 0  BDF:0x0000 R:0x009   0 f      1 (H) 44000001 0001070f 00000024   ----   0            0x95343c53                                    
                                                                                                                        0 (D) ffffffff
spd_0        106253.00000000 106281.00000000 T UPDATEFC_CPL_VC0                              129     1074                                                                         0xa604                                    
spd_0        106285.00000000 106313.00000000 T ACK                     28                                                                                                         0x3ecb                                    
spd_0        106657.00000000 106733.00000000 R Cpl        0x0001/007   29  0 0    0 0 0  ID:0x0000 Stat:SC  BC:0004    0 (H) 0a000000 00000004 00010700   ----                0x320da473                                    
spd_0        106737.00000000 106765.00000000 R UPDATEFC_NP_VC0                                54       18                                                                         0x4a18                                    
spd_0        106925.00000000 107001.00000000 T CfgRd0     0x0001/00d   30  0 0    0 0 0  BDF:0x0000 R:0x009   0 f      1 (H) 04000001 00010d0f 00000024   ----                0xfb979d2f                                    
spd_0        107097.00000000 107125.00000000 R ACK                     29                                                                                                         0x9fd0                                    
spd_0        107333.00000000 107361.00000000 T UPDATEFC_CPL_VC0                              130     1074                                                                         0x92b7                                    
spd_0        107409.00000000 107501.00000000 R CplD       0x0001/00d   30  0 0    0 0 0  ID:0x0000 Stat:SC  BC:0004    1 (H) 4a000001 00000004 00010d00   ----   0            0x93723071                                    
                                                                                                                        0 (D) 00000000
spd_0        107693.00000000 107785.00000000 T CfgWr0     0x0001/00c   31  0 0    0 0 0  BDF:0x0000 R:0x009   0 f      1 (H) 44000001 00010c0f 00000024   ----   0            0x467f5ba1                                    
                                                                                                                        0 (D) 00000000
spd_0        107793.00000000 107821.00000000 T ACK                     30                                                                                                         0x7cfc                                    
spd_0        107825.00000000 107853.00000000 T UPDATEFC_CPL_VC0                              131     1075                                                                         0xdfc2                                    
spd_0        108057.00000000 108085.00000000 R ACK                     31                                                                                                         0xdde7                                    
spd_0        108193.00000000 108269.00000000 R Cpl        0x0001/00c   31  0 0    0 0 0  ID:0x0000 Stat:SC  BC:0004    0 (H) 0a000000 00000004 00010c00   ----                0xb2610cf0                                    
spd_0        108273.00000000 108301.00000000 R UPDATEFC_NP_VC0                                56       19                                                                         0x3e7d                                    
spd_0        108461.00000000 108537.00000000 T CfgRd0     0x0001/00a   32  0 0    0 0 0  BDF:0x0000 R:0x01d   0 f      1 (H) 04000001 00010a0f 00000074   ----                0x28176ca4                                    
spd_0        108785.00000000 108813.00000000 T ACK                     31                                                                                                         0xdde7                                    
spd_0        108877.00000000 108905.00000000 T UPDATEFC_CPL_VC0                              132     1075                                                                         0x1f8f                                    
spd_0        108945.00000000 109037.00000000 R CplD       0x0001/00a   32  0 0    0 0 0  ID:0x0000 Stat:SC  BC:0004    1 (H) 4a000001 00000004 00010a00   ----   0            0xe4c47b30                                    
                                                                                                                        0 (D) c18f0000
spd_0        109229.00000000 109305.00000000 T CfgRd0     0x0001/006   33  0 0    0 0 0  BDF:0x0000 R:0x01e   0 f      1 (H) 04000001 0001060f 00000078   ----                0xfd428e07                                    
spd_0        109209.00000000 109237.00000000 R ACK                     32                                                                                                         0xb156                                    
spd_0        109617.00000000 109645.00000000 T UPDATEFC_CPL_VC0                              133     1076                                                                         0x94a3                                    
spd_0        109713.00000000 109805.00000000 R CplD       0x0001/006   33  0 0    0 0 0  ID:0x0000 Stat:SC  BC:0004    1 (H) 4a000001 00000004 00010600   ----   0            0x2c1911c6                                    
                                                                                                                        0 (D) 10201000
spd_0        109809.00000000 109837.00000000 R UPDATEFC_NP_VC0                                58       19                                                                         0xe6a0                                    
spd_0        109997.00000000 110089.00000000 T CfgWr0     0x0001/001   34  0 0    0 0 0  BDF:0x0000 R:0x01e   0 f      1 (H) 44000001 0001010f 00000078   ----   0            0x2997c524                                    
                                                                                                                        0 (D) 30101000
spd_0        110169.00000000 110197.00000000 R ACK                     33                                                                                                         0x104d                                    
spd_0        110265.00000000 110293.00000000 T UPDATEFC_CPL_VC0                              134     1077                                                                          0x10b                                    
spd_0        110497.00000000 110573.00000000 R Cpl        0x0001/001   34  0 0    0 0 0  ID:0x0000 Stat:SC  BC:0004    0 (H) 0a000000 00000004 00010100   ----                0xae92f705                                    
spd_0        110721.00000000 110749.00000000 T ACK                     34                                                                                                         0xf361                                    
spd_0        110765.00000000 110857.00000000 T CfgWr0     0x0001/00f   35  0 0    0 0 0  BDF:0x0000 R:0x001   0 f      1 (H) 44000001 00010f0f 00000004   ----   0            0x2e1090ba                                    
                                                                                                                        0 (D) 07000000
spd_0        110865.00000000 110893.00000000 T UPDATEFC_CPL_VC0                              135     1077                                                                         0xed65                                    
spd_0        111265.00000000 111341.00000000 R Cpl        0x0001/00f   35  0 0    0 0 0  ID:0x0000 Stat:SC  BC:0004    0 (H) 0a000000 00000004 00010f00   ----                0xa566e246                                    
spd_0        111345.00000000 111373.00000000 R UPDATEFC_NP_VC0                                60       21                                                                          0xcda                                    
spd_0        111533.00000000 111625.00000000 T MWr32      0x0001/01c   36  0 0    0 0 0          0x00400010   0 f      1 (H) 40000001 00011c0f 00400010   ----   0            0x911d0306                                    
                                                                                                                        0 (D) 04030201   ----     ----     ----  
spd_0        111661.00000000 111753.00000000 T MWr32      0x0001/065   37  0 0    0 0 0          0x00400014   0 f      1 (H) 40000001 0001650f 00400014   ----   0            0x39c8a750                                    
                                                                                                                        0 (D) 08070605   ----     ----     ----  
spd_0        111789.00000000 111881.00000000 T MWr32      0x0001/049   38  0 0    0 0 0          0x00400018   0 f      1 (H) 40000001 0001490f 00400018   ----   0            0xf6f0d7b0                                    
                                                                                                                        0 (D) 0c0b0a09   ----     ----     ----  
spd_0        111849.00000000 111877.00000000 R ACK                     35                                                                                                         0x527a                                    
spd_0        111917.00000000 112009.00000000 T MWr32      0x0001/08a   39  0 0    0 0 0          0x0040001c   0 f      1 (H) 40000001 00018a0f 0040001c   ----   0            0x3169be2f                                    
                                                                                                                        0 (D) 100f0e0d   ----     ----     ----  
spd_0        112045.00000000 112137.00000000 T MWr32      0x0001/093   40  0 0    0 0 0          0x00400020   0 f      1 (H) 40000001 0001930f 00400020   ----   0            0x10697e3e                                    
                                                                                                                        0 (D) 14131211   ----     ----     ----  
spd_0        112141.00000000 112169.00000000 T UPDATEFC_CPL_VC0                              136     1077                                                                         0xd475                                    
spd_0        112177.00000000 112253.00000000 T MRd32      0x0001/008   41  0 0    0 0 0          0x00400020   0 f      1 (H) 00000001 0001080f 00400020   ----                0x999fab71                                    
spd_0        112497.00000000 112525.00000000 T ACK                     35                                                                                                         0x527a                                    
spd_0        112769.00000000 112861.00000000 R CplD       0x0001/008   36  0 0    0 0 0  ID:0x0000 Stat:SC  BC:0004    1 (H) 4a000001 00000004 00010820   ----   0            0x3a35bd38                                    
                                                                                                                        0 (D) 14131211   ----     ----     ----  
spd_0        113005.00000000 113097.00000000 T MWr32      0x0001/0c9   42  0 0    0 0 0          0x00400024   0 f      1 (H) 40000001 0001c90f 00400024   ----   0            0xef5f2a9f                                    
                                                                                                                        0 (D) 18171615   ----     ----     ----  
spd_0        113133.00000000 113209.00000000 T MRd32      0x0001/01c   43  0 0    0 0 0          0x00400024   0 f      1 (H) 00000001 00011c0f 00400024   ----                0x46aedd8e                                    
spd_0        113377.00000000 113405.00000000 T UPDATEFC_CPL_VC0                              137     1078                                                                         0xdb37                                    
spd_0        113529.00000000 113557.00000000 R ACK                     43                                                                                                         0x5aa7                                    
spd_0        113569.00000000 113597.00000000 R UPDATEFC_NP_VC0                                62       21                                                                         0xd407                                    
spd_0        113601.00000000 113629.00000000 R UPDATEFC_P_VC0                                 30       70                                                                         0x2ce9                                    
spd_0        113721.00000000 113813.00000000 R CplD       0x0001/01c   37  0 0    0 0 0  ID:0x0000 Stat:SC  BC:0004    1 (H) 4a000001 00000004 00011c24   ----   0            0x4d0e02fc                                    
                                                                                                                        0 (D) 18171615   ----     ----     ----  
spd_0        113893.00000000 113921.00000000 T UPDATEFC_P_VC0                                102     1024                                                                          0x958                                    
spd_0        113925.00000000 113953.00000000 T UPDATEFC_NP_VC0                               101     1040                                                                         0xd796                                    
spd_0        113965.00000000 114057.00000000 T MWr32      0x0001/03c   44  0 0    0 0 0          0x00400028   0 f      1 (H) 40000001 00013c0f 00400028   ----   0            0x2f2ff028                                    
                                                                                                                        0 (D) 1c1b1a19   ----     ----     ----  
spd_0        114093.00000000 114169.00000000 T MRd32      0x0001/01a   45  0 0    0 0 0          0x00400028   0 f      1 (H) 00000001 00011a0f 00400028   ----                0xadded7f1                                    
spd_0        114381.00000000 114409.00000000 T ACK                     37                                                                                                         0x9423                                    
spd_0        114445.00000000 114473.00000000 T UPDATEFC_CPL_VC0                              138     1079                                                                         0x4e9f                                    
spd_0        114681.00000000 114773.00000000 R CplD       0x0001/01a   38  0 0    0 0 0  ID:0x0000 Stat:SC  BC:0004    1 (H) 4a000001 00000004 00011a28   ----   0            0xc1364a9f                                    
                                                                                                                        0 (D) 1c1b1a19   ----     ----     ----  
spd_0        114925.00000000 115017.00000000 T MWr32      0x0001/0cf   46  0 0    0 0 0          0x0040002c   0 f      1 (H) 40000001 0001cf0f 0040002c   ----   0            0x6ac0c22c                                    
                                                                                                                        0 (D) 201f1e1d   ----     ----     ----  
spd_0        115025.00000000 115053.00000000 T ACK                     38                                                                                                         0x770f                                    
spd_0        115061.00000000 115137.00000000 T MRd32      0x0001/018   47  0 0    0 0 0          0x0040002c   0 f      1 (H) 00000001 0001180f 0040002c   ----                0xf40e2edb                                    
spd_0        115333.00000000 115361.00000000 T UPDATEFC_CPL_VC0                              139     1080                                                                         0xcd6e                                    
spd_0        115449.00000000 115477.00000000 R ACK                     47                                                                                                         0xdec9                                    
spd_0        115649.00000000 115741.00000000 R CplD       0x0001/018   39  0 0    0 0 0  ID:0x0000 Stat:SC  BC:0004    1 (H) 4a000001 00000004 0001182c   ----   0            0x9114517e                                    
                                                                                                                        0 (D) 201f1e1d   ----     ----     ----  
spd_0        115885.00000000 115977.00000000 T MWr32      0x0001/078   48  0 0    0 0 0          0x00400000   0 f      1 (H) 40000001 0001780f 00400000   ----   0            0x8a5dfaff                                    
                                                                                                                        0 (D) 80000000   ----     ----     ----  
spd_0        116013.00000000 116089.00000000 T MRd32      0x0001/019   49  0 0    0 0 0          0x00400000   0 f      1 (H) 00000001 0001190f 00400000   ----                0xd81b4b6c                                    
spd_0        116001.00000000 116029.00000000 R UPDATEFC_NP_VC0                                64       21                                                                         0xfd1a                                    
spd_0        116033.00000000 116061.00000000 R UPDATEFC_P_VC0                                 32       72                                                                         0x307f                                    
spd_0        116065.00000000 116093.00000000 R UPDATEFC_NP_VC0                                64       21                                                                         0xfd1a                                    
spd_0        116097.00000000 116125.00000000 R UPDATEFC_P_VC0                                 32       72                                                                         0x307f                                    
spd_0        116257.00000000 116285.00000000 T UPDATEFC_CPL_VC0                              140     1081                                                                         0xac38                                    
spd_0        116601.00000000 116693.00000000 R CplD       0x0001/019   40  0 0    0 0 0  ID:0x0000 Stat:SC  BC:0004    1 (H) 4a000001 00000004 00011900   ----   0            0x912eb177                                    
                                                                                                                        0 (D) 00000000   ----     ----     ----  
spd_0        116845.00000000 116921.00000000 T MRd32      0x0001/006   50  0 0    0 0 0          0x00400030   0 f      1 (H) 00000001 0001060f 00400030   ----                0xf4f7d805                                    
spd_0        116989.00000000 117017.00000000 T UPDATEFC_CPL_VC0                              141     1082                                                                         0xa37a                                    
spd_0        117409.00000000 117437.00000000 T ACK                     40                                                                                                         0xb98b                                    
spd_0        117369.00000000 117397.00000000 R ACK                     50                                                                                                         0xf27b                                    
spd_0        117433.00000000 117525.00000000 R CplD       0x0001/006   41  0 0    0 0 0  ID:0x0000 Stat:SC  BC:0004    1 (H) 4a000001 00000004 00010630   ----   0            0xb5eba7f3                                    
                                                                                                                        0 (D) 18161412   ----     ----     ----  
spd_0        117677.00000000 117753.00000000 T MRd32      0x0001/000   51  0 0    0 0 0          0x00400034   0 f      1 (H) 00000001 0001000f 00400034   ----                0x75097a09                                    
spd_0        117921.00000000 117949.00000000 R UPDATEFC_NP_VC0                                66       21                                                                         0x25c7                                    
spd_0        118021.00000000 118049.00000000 T UPDATEFC_CPL_VC0                              142     1083                                                                         0x36d2                                    
spd_0        117953.00000000 117981.00000000 R UPDATEFC_P_VC0                                 33       73                                                                         0x7d0a                                    
spd_0        118265.00000000 118357.00000000 R CplD       0x0001/000   42  0 0    0 0 0  ID:0x0000 Stat:SC  BC:0004    1 (H) 4a000001 00000004 00010034   ----   0            0x20766a7e                                    
                                                                                                                        0 (D) 201e1c1a   ----     ----     ----  
spd_0        118509.00000000 118585.00000000 T MRd32      0x0001/013   52  0 0    0 0 0          0x00400038   0 f      1 (H) 00000001 0001130f 00400038   ----                0x3333fdf8                                    
spd_0        118925.00000000 118953.00000000 T ACK                     42                                                                                                         0xfbbc                                    
spd_0        119141.00000000 119169.00000000 T UPDATEFC_CPL_VC0                              143     1084                                                                         0xbdfe                                    
spd_0        119097.00000000 119189.00000000 R CplD       0x0001/013   43  0 0    0 0 0  ID:0x0000 Stat:SC  BC:0004    1 (H) 4a000001 00000004 00011338   ----   0            0xf5b82f69                                    
                                                                                                                        0 (D) 28262422   ----     ----     ----  
spd_0        119193.00000000 119221.00000000 R ACK                     52                                                                                                         0x3422                                    
spd_0        119289.00000000 119317.00000000 T UPDATEFC_CPL_VC0                              144     1085                                                                         0xd74e                                    
spd_0        119341.00000000 119417.00000000 T MRd32      0x0001/003   53  0 0    0 0 0          0x0040003c   0 f      1 (H) 00000001 0001030f 0040003c   ----                0x342cd021                                    
spd_0        119697.00000000 119725.00000000 R UPDATEFC_NP_VC0                                68       21                                                                          0x9e4                                    
spd_0        119825.00000000 119853.00000000 T ACK                     43                                                                                                         0x5aa7                                    
spd_0        119929.00000000 120021.00000000 R CplD       0x0001/003   44  0 0    0 0 0  ID:0x0000 Stat:SC  BC:0004    1 (H) 4a000001 00000004 0001033c   ----   0            0x174c57e2                                    
                                                                                                                        0 (D) 302e2c2a   ----     ----     ----  
